<?xml version="1.0" encoding="UTF-8"?>
<!-- Generated by org.testng.reporters.JUnitReportReporter -->
<testsuite skipped="0" hostname="DESKTOP-SU3JC61" name="com.TestNGdifferentMethods.TestNG2" tests="2" failures="0" timestamp="2021-06-03T11:23:57 IST" time="0.027" errors="0">
  <testcase name="testscenario4" time="0.021" classname="com.TestNGdifferentMethods.TestNG2"/>
  <system-out/>
  <testcase name="testscenario1" time="0.006" classname="com.TestNGdifferentMethods.TestNG2"/>
  <system-out/>
</testsuite> <!-- com.TestNGdifferentMethods.TestNG2 -->
