<?xml version="1.0" encoding="UTF-8"?>
<!-- Generated by org.testng.reporters.JUnitReportReporter -->
<testsuite skipped="0" hostname="DESKTOP-SU3JC61" name="com.dataprovider.testNG.Dataprovider1" tests="3" failures="0" timestamp="2021-06-03T10:52:34 IST" time="0.017" errors="0">
  <testcase name="setdata" time="0.013" classname="com.dataprovider.testNG.Dataprovider1"/>
  <system-out/>
  <testcase name="setdata" time="0.003" classname="com.dataprovider.testNG.Dataprovider1"/>
  <system-out/>
  <testcase name="setdata" time="0.001" classname="com.dataprovider.testNG.Dataprovider1"/>
  <system-out/>
</testsuite> <!-- com.dataprovider.testNG.Dataprovider1 -->
