<?xml version="1.0" encoding="UTF-8"?>
<!-- Generated by org.testng.reporters.JUnitReportReporter -->
<testsuite skipped="0" hostname="DESKTOP-SU3JC61" name="com.TestNGdifferentMethods.TestNg1" tests="2" failures="0" timestamp="2021-06-03T11:23:57 IST" time="0.036" errors="0">
  <testcase name="testcase4" time="0.031" classname="com.TestNGdifferentMethods.TestNg1"/>
  <system-out/>
  <testcase name="testcase2" time="0.005" classname="com.TestNGdifferentMethods.TestNg1"/>
  <system-out/>
</testsuite> <!-- com.TestNGdifferentMethods.TestNg1 -->
