<?xml version="1.0" encoding="UTF-8"?>
<!-- Generated by org.testng.reporters.JUnitReportReporter -->
<testsuite skipped="0" hostname="DESKTOP-SU3JC61" name="com.TestNGdifferentMethods.TestNG6" tests="1" failures="0" timestamp="2021-06-02T16:16:30 IST" time="0.002" errors="0">
  <testcase name="sixth" time="0.002" classname="com.TestNGdifferentMethods.TestNG6"/>
  <system-out/>
</testsuite> <!-- com.TestNGdifferentMethods.TestNG6 -->
