<?xml version="1.0" encoding="UTF-8"?>
<!-- Generated by org.testng.reporters.JUnitReportReporter -->
<testsuite skipped="0" hostname="DESKTOP-SU3JC61" name="testNGpackage.TestNGEx1" tests="2" failures="0" timestamp="2021-06-01T19:19:11 IST" time="0.016" errors="0">
  <testcase name="maintest1" time="0.000" classname="testNGpackage.TestNGEx1"/>
  <system-out/>
  <testcase name="maintest2" time="0.016" classname="testNGpackage.TestNGEx1"/>
  <system-out/>
</testsuite> <!-- testNGpackage.TestNGEx1 -->
