<?xml version="1.0" encoding="UTF-8"?>
<!-- Generated by org.testng.reporters.JUnitReportReporter -->
<testsuite skipped="0" hostname="DESKTOP-SU3JC61" name="com.dataprovider.testNG.Dataproviderfacebook1" tests="3" failures="0" timestamp="2021-06-03T10:49:05 IST" time="80.189" errors="0">
  <testcase name="setdata" time="27.581" classname="com.dataprovider.testNG.Dataproviderfacebook1"/>
  <system-out/>
  <testcase name="setdata" time="34.314" classname="com.dataprovider.testNG.Dataproviderfacebook1"/>
  <system-out/>
  <testcase name="setdata" time="18.294" classname="com.dataprovider.testNG.Dataproviderfacebook1"/>
  <system-out/>
</testsuite> <!-- com.dataprovider.testNG.Dataproviderfacebook1 -->
