<?xml version="1.0" encoding="UTF-8"?>
<!-- Generated by org.testng.reporters.JUnitReportReporter -->
<testsuite skipped="0" hostname="DESKTOP-SU3JC61" name="com.TestNGdifferentMethods.TestNG4" tests="1" failures="0" timestamp="2021-06-02T16:16:30 IST" time="0.016" errors="0">
  <testcase name="fourth" time="0.016" classname="com.TestNGdifferentMethods.TestNG4"/>
  <system-out/>
</testsuite> <!-- com.TestNGdifferentMethods.TestNG4 -->
