<?xml version="1.0" encoding="UTF-8"?>
<!-- Generated by org.testng.reporters.JUnitReportReporter -->
<testsuite skipped="0" hostname="DESKTOP-SU3JC61" name="com.datadriven.testNG.Datadriverfacebook1" tests="3" failures="0" timestamp="2021-06-02T15:19:29 IST" time="69.048" errors="0">
  <testcase name="setdata" time="27.035" classname="com.datadriven.testNG.Datadriverfacebook1"/>
  <system-out/>
  <testcase name="setdata" time="22.446" classname="com.datadriven.testNG.Datadriverfacebook1"/>
  <system-out/>
  <testcase name="setdata" time="19.567" classname="com.datadriven.testNG.Datadriverfacebook1"/>
  <system-out/>
</testsuite> <!-- com.datadriven.testNG.Datadriverfacebook1 -->
