<?xml version="1.0" encoding="UTF-8"?>
<!-- Generated by org.testng.reporters.JUnitReportReporter -->
<testsuite skipped="0" hostname="DESKTOP-SU3JC61" name="com.datadriven.testNG.Datadriven1" tests="3" failures="0" timestamp="2021-06-02T12:00:20 IST" time="0.018" errors="0">
  <testcase name="setdata" time="0.009" classname="com.datadriven.testNG.Datadriven1"/>
  <system-out/>
  <testcase name="setdata" time="0.006" classname="com.datadriven.testNG.Datadriven1"/>
  <system-out/>
  <testcase name="setdata" time="0.003" classname="com.datadriven.testNG.Datadriven1"/>
  <system-out/>
</testsuite> <!-- com.datadriven.testNG.Datadriven1 -->
